<?xml version="1.0" encoding="UTF-8"?>
<testng-results ignored="0" total="1" passed="1" failed="0" skipped="0">
  <reporter-output>
  </reporter-output>
  <suite started-at="2022-06-25T20:27:24 ART" name="Default suite" finished-at="2022-06-25T20:27:24 ART" duration-ms="475">
    <groups>
    </groups>
    <test started-at="2022-06-25T20:27:24 ART" name="Default test" finished-at="2022-06-25T20:27:24 ART" duration-ms="475">
      <class name="Pruebas.SauceDemoTest">
        <test-method is-config="true" signature="AbrirPaginaSauceDemo()[pri:0, instance:Pruebas.SauceDemoTest@5b8dfcc1]" started-at="2022-06-25T20:27:22 ART" name="AbrirPaginaSauceDemo" finished-at="2022-06-25T20:27:24 ART" duration-ms="2150" status="PASS">
          <reporter-output>
          </reporter-output>
        </test-method> <!-- AbrirPaginaSauceDemo -->
        <test-method signature="Login()[pri:0, instance:Pruebas.SauceDemoTest@5b8dfcc1]" started-at="2022-06-25T20:27:24 ART" name="Login" finished-at="2022-06-25T20:27:24 ART" duration-ms="405" status="PASS">
          <reporter-output>
          </reporter-output>
        </test-method> <!-- Login -->
      </class> <!-- Pruebas.SauceDemoTest -->
    </test> <!-- Default test -->
  </suite> <!-- Default suite -->
</testng-results>
